<?xml version="1.0" encoding="UTF-8"?>
<testng-results skipped="0" failed="1" total="6" passed="5">
  <reporter-output>
  </reporter-output>
  <suite name="Default suite" duration-ms="9878" started-at="2016-09-14T09:36:31Z" finished-at="2016-09-14T09:36:41Z">
    <groups>
    </groups>
    <test name="Default test" duration-ms="9878" started-at="2016-09-14T09:36:31Z" finished-at="2016-09-14T09:36:41Z">
      <class name="Administrator.SystemManagementTool">
        <test-method status="PASS" signature="beforeClass()[pri:0, instance:Administrator.SystemManagementTool@4b2f8406]" name="beforeClass" is-config="true" duration-ms="183" started-at="2016-09-14T17:36:31Z" finished-at="2016-09-14T17:36:31Z">
          <reporter-output>
          </reporter-output>
        </test-method> <!-- beforeClass -->
        <test-method status="PASS" signature="CreateLanguage()[pri:0, instance:Administrator.SystemManagementTool@4b2f8406]" name="CreateLanguage" duration-ms="5" started-at="2016-09-14T17:36:31Z" finished-at="2016-09-14T17:36:31Z">
          <reporter-output>
          </reporter-output>
        </test-method> <!-- CreateLanguage -->
        <test-method status="PASS" signature="FormLanguage()[pri:0, instance:Administrator.SystemManagementTool@4b2f8406]" name="FormLanguage" duration-ms="2" started-at="2016-09-14T17:36:31Z" finished-at="2016-09-14T17:36:31Z">
          <reporter-output>
          </reporter-output>
        </test-method> <!-- FormLanguage -->
        <test-method status="PASS" signature="ImportExportSystemLanguage()[pri:0, instance:Administrator.SystemManagementTool@4b2f8406]" name="ImportExportSystemLanguage" duration-ms="3" started-at="2016-09-14T17:36:31Z" finished-at="2016-09-14T17:36:31Z">
          <reporter-output>
          </reporter-output>
        </test-method> <!-- ImportExportSystemLanguage -->
        <test-method status="PASS" signature="SystemLanguage()[pri:0, instance:Administrator.SystemManagementTool@4b2f8406]" name="SystemLanguage" duration-ms="2" started-at="2016-09-14T17:36:31Z" finished-at="2016-09-14T17:36:31Z">
          <reporter-output>
          </reporter-output>
        </test-method> <!-- SystemLanguage -->
        <test-method status="PASS" signature="login()[pri:0, instance:Administrator.SystemManagementTool@4b2f8406]" name="login" duration-ms="3882" started-at="2016-09-14T17:36:31Z" finished-at="2016-09-14T17:36:35Z">
          <reporter-output>
          </reporter-output>
        </test-method> <!-- login -->
        <test-method status="FAIL" signature="CompanyProcessMonitor()[pri:0, instance:Administrator.SystemManagementTool@4b2f8406]" name="CompanyProcessMonitor" duration-ms="5756" started-at="2016-09-14T17:36:35Z" finished-at="2016-09-14T17:36:41Z">
          <exception class="org.openqa.selenium.ElementNotVisibleException">
            <message>
              <![CDATA[Element is not currently visible and so may not be interacted with
Command duration or timeout: 15 milliseconds
Build info: version: '2.46.0', revision: '87c69e2', time: '2015-06-04 16:16:47'
System info: host: 'H-08131', ip: '10.20.9.153', os.name: 'Windows 8', os.arch: 'amd64', os.version: '6.2', java.version: '1.7.0_45'
Session ID: 7b008651-ce63-4fe8-811c-2a7c83421e04
Driver info: org.openqa.selenium.firefox.FirefoxDriver
Capabilities [{platform=WINDOWS, acceptSslCerts=true, javascriptEnabled=true, cssSelectorsEnabled=true, databaseEnabled=true, browserName=firefox, handlesAlerts=true, nativeEvents=false, webStorageEnabled=true, rotatable=false, locationContextEnabled=true, applicationCacheEnabled=true, takesScreenshot=true, version=40.0.3}]]]>
            </message>
            <full-stacktrace>
              <![CDATA[org.openqa.selenium.ElementNotVisibleException: Element is not currently visible and so may not be interacted with
Command duration or timeout: 15 milliseconds
Build info: version: '2.46.0', revision: '87c69e2', time: '2015-06-04 16:16:47'
System info: host: 'H-08131', ip: '10.20.9.153', os.name: 'Windows 8', os.arch: 'amd64', os.version: '6.2', java.version: '1.7.0_45'
Session ID: 7b008651-ce63-4fe8-811c-2a7c83421e04
Driver info: org.openqa.selenium.firefox.FirefoxDriver
Capabilities [{platform=WINDOWS, acceptSslCerts=true, javascriptEnabled=true, cssSelectorsEnabled=true, databaseEnabled=true, browserName=firefox, handlesAlerts=true, nativeEvents=false, webStorageEnabled=true, rotatable=false, locationContextEnabled=true, applicationCacheEnabled=true, takesScreenshot=true, version=40.0.3}]
	at sun.reflect.NativeConstructorAccessorImpl.newInstance0(Native Method)
	at sun.reflect.NativeConstructorAccessorImpl.newInstance(NativeConstructorAccessorImpl.java:57)
	at sun.reflect.DelegatingConstructorAccessorImpl.newInstance(DelegatingConstructorAccessorImpl.java:45)
	at java.lang.reflect.Constructor.newInstance(Constructor.java:526)
	at org.openqa.selenium.remote.ErrorHandler.createThrowable(ErrorHandler.java:204)
	at org.openqa.selenium.remote.ErrorHandler.throwIfResponseFailed(ErrorHandler.java:156)
	at org.openqa.selenium.remote.RemoteWebDriver.execute(RemoteWebDriver.java:605)
	at org.openqa.selenium.remote.RemoteWebElement.execute(RemoteWebElement.java:269)
	at org.openqa.selenium.remote.RemoteWebElement.click(RemoteWebElement.java:80)
	at Administrator.SystemManagementTool.CompanyProcessMonitor(SystemManagementTool.java:188)
	at sun.reflect.NativeMethodAccessorImpl.invoke0(Native Method)
	at sun.reflect.NativeMethodAccessorImpl.invoke(NativeMethodAccessorImpl.java:57)
	at sun.reflect.DelegatingMethodAccessorImpl.invoke(DelegatingMethodAccessorImpl.java:43)
	at java.lang.reflect.Method.invoke(Method.java:606)
	at org.testng.internal.MethodInvocationHelper.invokeMethod(MethodInvocationHelper.java:84)
	at org.testng.internal.Invoker.invokeMethod(Invoker.java:714)
	at org.testng.internal.Invoker.invokeTestMethod(Invoker.java:901)
	at org.testng.internal.Invoker.invokeTestMethods(Invoker.java:1231)
	at org.testng.internal.TestMethodWorker.invokeTestMethods(TestMethodWorker.java:127)
	at org.testng.internal.TestMethodWorker.run(TestMethodWorker.java:111)
	at org.testng.TestRunner.privateRun(TestRunner.java:767)
	at org.testng.TestRunner.run(TestRunner.java:617)
	at org.testng.SuiteRunner.runTest(SuiteRunner.java:334)
	at org.testng.SuiteRunner.runSequentially(SuiteRunner.java:329)
	at org.testng.SuiteRunner.privateRun(SuiteRunner.java:291)
	at org.testng.SuiteRunner.run(SuiteRunner.java:240)
	at org.testng.SuiteRunnerWorker.runSuite(SuiteRunnerWorker.java:52)
	at org.testng.SuiteRunnerWorker.run(SuiteRunnerWorker.java:86)
	at org.testng.TestNG.runSuitesSequentially(TestNG.java:1224)
	at org.testng.TestNG.runSuitesLocally(TestNG.java:1149)
	at org.testng.TestNG.run(TestNG.java:1057)
	at org.testng.remote.AbstractRemoteTestNG.run(AbstractRemoteTestNG.java:126)
	at org.testng.remote.RemoteTestNG.initAndRun(RemoteTestNG.java:152)
	at org.testng.remote.RemoteTestNG.main(RemoteTestNG.java:57)
Caused by: org.openqa.selenium.ElementNotVisibleException: Element is not currently visible and so may not be interacted with
Build info: version: '2.46.0', revision: '87c69e2', time: '2015-06-04 16:16:47'
System info: host: 'H-08131', ip: '10.20.9.153', os.name: 'Windows 8', os.arch: 'amd64', os.version: '6.2', java.version: '1.7.0_45'
Driver info: driver.version: unknown
	at <anonymous class>.fxdriver.preconditions.visible(file:///C:/Users/Gu/AppData/Local/Temp/anonymous4376751837708348831webdriver-profile/extensions/fxdriver@googlecode.com/components/command-processor.js:9615)
	at <anonymous class>.DelayedCommand.prototype.checkPreconditions_(file:///C:/Users/Gu/AppData/Local/Temp/anonymous4376751837708348831webdriver-profile/extensions/fxdriver@googlecode.com/components/command-processor.js:12265)
	at <anonymous class>.DelayedCommand.prototype.executeInternal_/h(file:///C:/Users/Gu/AppData/Local/Temp/anonymous4376751837708348831webdriver-profile/extensions/fxdriver@googlecode.com/components/command-processor.js:12282)
	at <anonymous class>.DelayedCommand.prototype.executeInternal_(file:///C:/Users/Gu/AppData/Local/Temp/anonymous4376751837708348831webdriver-profile/extensions/fxdriver@googlecode.com/components/command-processor.js:12287)
	at <anonymous class>.DelayedCommand.prototype.execute/<(file:///C:/Users/Gu/AppData/Local/Temp/anonymous4376751837708348831webdriver-profile/extensions/fxdriver@googlecode.com/components/command-processor.js:12229)
]]>
            </full-stacktrace>
          </exception> <!-- org.openqa.selenium.ElementNotVisibleException -->
          <reporter-output>
          </reporter-output>
        </test-method> <!-- CompanyProcessMonitor -->
        <test-method status="PASS" signature="afterClass()[pri:0, instance:Administrator.SystemManagementTool@4b2f8406]" name="afterClass" is-config="true" duration-ms="3" started-at="2016-09-14T17:36:41Z" finished-at="2016-09-14T17:36:41Z">
          <reporter-output>
          </reporter-output>
        </test-method> <!-- afterClass -->
      </class> <!-- Administrator.SystemManagementTool -->
    </test> <!-- Default test -->
  </suite> <!-- Default suite -->
</testng-results>
